12:44:04 **** Build of configuration CudaLinux for project Cuda_ImageCopy ****
Info: Configuration "CudaLinux" uses tool-chain "MinGW GCC" that is unsupported on this system, attempting to build anyway.
make -f cudaLinux.mk all 

==================================================================================
[CBI]->Target Name	: TutoCuda_Image64
[CBI]->Type	 		: EXE
[CBI]->Arch	 		: 64
[CBI]->OS	 		: Linux
[CBI]->User	 		: joaquim
[CBI]->Src_aux 		: ../PRODUCTION/commonExt/include ../PRODUCTION/commonExt/linux ../PRODUCTION/commonExt/cuda ../BilatToolsCPP/src/core ../BilatToolsCuda/src/core
[CBI]->Location 	: target/bin/TutoCuda_Image64.run
[CBI]->Deploy 		: ../PRODUCTION/Deploy/bin
[CBI]->Compilateur 	: gcc && nvcc
[CBI]->Task			: Start Compiling-Linking !
[CBI]->Time			: 12:44:04
==================================================================================

[CBI]->compiling .cpp : src/cpp/RipplingEffectCudaMOOs.cpp
[CBI]->compiling .cu : src/cpp/animationCudaHSB.cu
src/cpp/animationCudaHSB.cu(25): error: identifier "toto" is undefined

src/cpp/animationCudaHSB.cu(26): error: expected a ";"

src/cpp/animationCudaHSB.cu(27): warning: expression has no effect

src/cpp/animationCudaHSB.cu(27): error: expected a ";"

src/cpp/animationCudaHSB.cu(29): error: identifier "blockPerGrid" is undefined

src/cpp/animationCudaHSB.cu(29): error: identifier "threadPerBlock" is undefined

5 errors detected in the compilation of "target/cubin/animationCudaHSB.cpp1.ii".
make: *** [target/obj/animationCudaHSB.o] Error 2

12:44:05 Build Finished (took 680ms)

