12:26:40 **** Incremental Build of configuration CudaLinux for project CudaCopy ****
Info: Configuration "CudaLinux" uses tool-chain "MinGW GCC" that is unsupported on this system, attempting to build anyway.
make -f cudaLinux.mk all 

==================================================================================
[CBI]->Target Name	: TutoCuda64
[CBI]->Type	 		: EXE
[CBI]->Arch	 		: 64
[CBI]->OS	 		: Linux
[CBI]->User	 		: joaquim
[CBI]->Src_aux 		: ../PRODUCTION/commonExt/include ../PRODUCTION/commonExt/linux ../BilatToolsCPP/src/core ../BilatToolsCuda/src/core
[CBI]->Location 	: target/bin/TutoCuda64.run
[CBI]->Deploy 		: ../PRODUCTION/Deploy/bin
[CBI]->Compilateur 	: gcc && nvcc
[CBI]->Task			: Start Compiling-Linking !
[CBI]->Time			: 12:26:40
==================================================================================

[CBI]->compiling .cu : src/cpp/core/01_Hello/01_helloCuda.cu
[CBI]->compiling .cu : src/cpp/core/01_Hello/02_helloCuda.cu

[CBI]->linking to target/bin/TutoCuda64.run

==================================================================================
[CBI]->Target Name	: TutoCuda64
[CBI]->Type	 		: EXE
[CBI]->Arch	 		: 64
[CBI]->OS	 		: Linux
[CBI]->User	 		: joaquim
[CBI]->Src_aux 		: ../PRODUCTION/commonExt/include ../PRODUCTION/commonExt/linux ../BilatToolsCPP/src/core ../BilatToolsCuda/src/core
[CBI]->Location 	: target/bin/TutoCuda64.run
[CBI]->Deploy 		: ../PRODUCTION/Deploy/bin
[CBI]->Compilateur 	: g++ && nvcc
[CBI]->Task			: End Compiling-Linking !
[CBI]->Time			: 12:26:43
==================================================================================


[CBI]->Deploying  : TutoCuda64.run

[CBI]->Cleaning : Cuda temp files, excepted .cubin for JCuda



12:26:43 Build Finished (took 2s.720ms)

