19:26:49 **** Build of configuration CudaWin for project CudaImage ****
make -f cudaWin.mk all 

==================================================================================
[CBI]->Target Name	: TutoCuda_Image64
[CBI]->Type	 		: EXE
[CBI]->Arch	 		: 64
[CBI]->OS	 		: Win
[CBI]->User	 		: cedric.bilat
[CBI]->Src_aux 		: ../PRODUCTION/commonExt/include ../PRODUCTION/commonExt/windows ../PRODUCTION/commonExt/cuda ../BilatToolsCPP/src/core ../BilatToolsCuda/src/core
[CBI]->Location 	: target/bin/TutoCuda_Image64.exe
[CBI]->Deploy 		: ../PRODUCTION/Deploy/bin
[CBI]->Compilateur 	: VISUAL && nvcc
[CBI]->Task			: Start Compiling-Linking !
[CBI]->Time			: 17:26:50
==================================================================================

main.cpp
mainCore.cpp
ImageRipplingMOO.cpp
stringTools.cpp
vectorTools.cpp
tab1DTools.cpp
histo.cpp
rawMajorTools.cpp
Chronos.cpp
tab2DTools.cpp
aleaTools.cpp
mathTools.cpp
cudaTools.cpp
Device.cpp
[CBI]->compiling .cu : src/cpp/core/01_rippling/cu/ripplingKernel.cu
ripplingKernel.cu
ripplingKernel.cudafe1.gpu
ripplingKernel.cudafe2.gpu
ripplingKernel.cu
ripplingKernel.cudafe1.cpp
ripplingKernel.cu.cpp.ii

[CBI]->linking to target/bin/TutoCuda_Image64.exe

==================================================================================
[CBI]->Target Name	: TutoCuda_Image64
[CBI]->Type	 		: EXE
[CBI]->Arch	 		: 64
[CBI]->OS	 		: Win
[CBI]->User	 		: cedric.bilat
[CBI]->Src_aux 		: ../PRODUCTION/commonExt/include ../PRODUCTION/commonExt/windows ../PRODUCTION/commonExt/cuda ../BilatToolsCPP/src/core ../BilatToolsCuda/src/core
[CBI]->Location 	: target/bin/TutoCuda_Image64.exe
[CBI]->Deploy 		: ../PRODUCTION/Deploy/bin
[CBI]->Compilateur 	: VISUAL && nvcc
[CBI]->Task			: End Compiling-Linking !
[CBI]->Time			: 17:27:17
==================================================================================


[CBI]->Deploying  : TutoCuda_Image64.exe

[CBI]->Cleaning : Cuda temp files, excepted .cubin for JCuda



19:27:20 Build Finished (took 31s.110ms)

